<?xml version="1.0" encoding="UTF-8"?>
<testng-results ignored="0" total="8" passed="8" failed="0" skipped="0">
  <reporter-output>
  </reporter-output>
  <suite started-at="2025-11-25T17:43:11 EET" name="Suite" finished-at="2025-11-25T17:44:16 EET" duration-ms="65065">
    <groups>
    </groups>
    <test started-at="2025-11-25T17:43:11 EET" name="Test" finished-at="2025-11-25T17:43:42 EET" duration-ms="31052">
      <class name="automationtest1.signuppage">
        <test-method is-config="true" signature="setup()[pri:0, instance:automationtest1.signuppage@4af0df05]" started-at="2025-11-25T17:43:11 EET" name="setup" finished-at="2025-11-25T17:43:15 EET" duration-ms="4013" status="PASS">
          <reporter-output>
          </reporter-output>
        </test-method> <!-- setup -->
        <test-method signature="signup()[pri:1, instance:automationtest1.signuppage@4af0df05]" started-at="2025-11-25T17:43:15 EET" name="signup" finished-at="2025-11-25T17:43:25 EET" duration-ms="10267" status="PASS">
          <reporter-output>
          </reporter-output>
        </test-method> <!-- signup -->
        <test-method signature="login()[pri:2, instance:automationtest1.signuppage@4af0df05]" started-at="2025-11-25T17:43:25 EET" name="login" finished-at="2025-11-25T17:43:42 EET" duration-ms="16650" status="PASS">
          <reporter-output>
          </reporter-output>
        </test-method> <!-- login -->
        <test-method is-config="true" signature="aftertest()[pri:0, instance:automationtest1.signuppage@4af0df05]" started-at="2025-11-25T17:43:42 EET" name="aftertest" finished-at="2025-11-25T17:43:42 EET" duration-ms="1" status="PASS">
          <reporter-output>
          </reporter-output>
        </test-method> <!-- aftertest -->
      </class> <!-- automationtest1.signuppage -->
    </test> <!-- Test -->
    <test started-at="2025-11-25T17:43:42 EET" name="Test1" finished-at="2025-11-25T17:43:52 EET" duration-ms="10070">
      <class name="automationtest1.signuppage">
        <test-method is-config="true" signature="setup()[pri:0, instance:automationtest1.signuppage@18cebaa5]" started-at="2025-11-25T17:43:42 EET" name="setup" finished-at="2025-11-25T17:43:48 EET" duration-ms="5658" status="PASS">
          <reporter-output>
          </reporter-output>
        </test-method> <!-- setup -->
        <test-method signature="signup()[pri:1, instance:automationtest1.signuppage@18cebaa5]" started-at="2025-11-25T17:43:48 EET" name="signup" finished-at="2025-11-25T17:43:51 EET" duration-ms="3363" status="PASS">
          <reporter-output>
          </reporter-output>
        </test-method> <!-- signup -->
        <test-method signature="login()[pri:2, instance:automationtest1.signuppage@18cebaa5]" started-at="2025-11-25T17:43:51 EET" name="login" finished-at="2025-11-25T17:43:52 EET" duration-ms="1018" status="PASS">
          <reporter-output>
          </reporter-output>
        </test-method> <!-- login -->
        <test-method is-config="true" signature="aftertest()[pri:0, instance:automationtest1.signuppage@18cebaa5]" started-at="2025-11-25T17:43:52 EET" name="aftertest" finished-at="2025-11-25T17:43:52 EET" duration-ms="2" status="PASS">
          <reporter-output>
          </reporter-output>
        </test-method> <!-- aftertest -->
      </class> <!-- automationtest1.signuppage -->
    </test> <!-- Test1 -->
    <test started-at="2025-11-25T17:43:52 EET" name="Test2" finished-at="2025-11-25T17:44:03 EET" duration-ms="11206">
      <class name="automationtest1.signuppage">
        <test-method is-config="true" signature="setup()[pri:0, instance:automationtest1.signuppage@422c3c7a]" started-at="2025-11-25T17:43:52 EET" name="setup" finished-at="2025-11-25T17:43:56 EET" duration-ms="4143" status="PASS">
          <reporter-output>
          </reporter-output>
        </test-method> <!-- setup -->
        <test-method signature="signup()[pri:1, instance:automationtest1.signuppage@422c3c7a]" started-at="2025-11-25T17:43:56 EET" name="signup" finished-at="2025-11-25T17:44:00 EET" duration-ms="3303" status="PASS">
          <reporter-output>
          </reporter-output>
        </test-method> <!-- signup -->
        <test-method signature="login()[pri:2, instance:automationtest1.signuppage@422c3c7a]" started-at="2025-11-25T17:44:00 EET" name="login" finished-at="2025-11-25T17:44:03 EET" duration-ms="3707" status="PASS">
          <reporter-output>
          </reporter-output>
        </test-method> <!-- login -->
        <test-method is-config="true" signature="aftertest()[pri:0, instance:automationtest1.signuppage@422c3c7a]" started-at="2025-11-25T17:44:03 EET" name="aftertest" finished-at="2025-11-25T17:44:03 EET" duration-ms="1" status="PASS">
          <reporter-output>
          </reporter-output>
        </test-method> <!-- aftertest -->
      </class> <!-- automationtest1.signuppage -->
    </test> <!-- Test2 -->
    <test started-at="2025-11-25T17:44:03 EET" name="Test3" finished-at="2025-11-25T17:44:16 EET" duration-ms="12393">
      <class name="automationtest1.signuppage">
        <test-method is-config="true" signature="setup()[pri:0, instance:automationtest1.signuppage@557a1e2d]" started-at="2025-11-25T17:44:03 EET" name="setup" finished-at="2025-11-25T17:44:09 EET" duration-ms="5541" status="PASS">
          <reporter-output>
          </reporter-output>
        </test-method> <!-- setup -->
        <test-method signature="signup()[pri:1, instance:automationtest1.signuppage@557a1e2d]" started-at="2025-11-25T17:44:09 EET" name="signup" finished-at="2025-11-25T17:44:11 EET" duration-ms="2361" status="PASS">
          <reporter-output>
          </reporter-output>
        </test-method> <!-- signup -->
        <test-method signature="login()[pri:2, instance:automationtest1.signuppage@557a1e2d]" started-at="2025-11-25T17:44:11 EET" name="login" finished-at="2025-11-25T17:44:16 EET" duration-ms="4412" status="PASS">
          <reporter-output>
          </reporter-output>
        </test-method> <!-- login -->
        <test-method is-config="true" signature="aftertest()[pri:0, instance:automationtest1.signuppage@557a1e2d]" started-at="2025-11-25T17:44:16 EET" name="aftertest" finished-at="2025-11-25T17:44:16 EET" duration-ms="0" status="PASS">
          <reporter-output>
          </reporter-output>
        </test-method> <!-- aftertest -->
      </class> <!-- automationtest1.signuppage -->
    </test> <!-- Test3 -->
  </suite> <!-- Suite -->
</testng-results>
