<?xml version="1.0" encoding="UTF-8"?>
<!-- Generated by org.testng.reporters.JUnitReportReporter -->
<testsuite hostname="DESKTOP-1JGH549" failures="0" tests="8" name="automationtest1.signuppage" time="45.081" errors="0" timestamp="2025-11-25T17:44:16 EET" skipped="0">
  <testcase classname="automationtest1.signuppage" name="signup" time="3.363"/>
  <testcase classname="automationtest1.signuppage" name="signup" time="3.303"/>
  <testcase classname="automationtest1.signuppage" name="signup" time="2.361"/>
  <testcase classname="automationtest1.signuppage" name="signup" time="10.267"/>
  <testcase classname="automationtest1.signuppage" name="login" time="4.412"/>
  <testcase classname="automationtest1.signuppage" name="login" time="16.650"/>
  <testcase classname="automationtest1.signuppage" name="login" time="1.018"/>
  <testcase classname="automationtest1.signuppage" name="login" time="3.707"/>
</testsuite> <!-- automationtest1.signuppage -->
